<?xml version="1.0" encoding="UTF-8"?>
<testng-results ignored="0" total="1" passed="1" failed="0" skipped="0">
  <reporter-output>
  </reporter-output>
  <suite started-at="2024-09-05T10:56:09 IST" name="Default suite" finished-at="2024-09-05T10:56:46 IST" duration-ms="36642">
    <groups>
    </groups>
    <test started-at="2024-09-05T10:56:09 IST" name="Default test" finished-at="2024-09-05T10:56:46 IST" duration-ms="36642">
      <class name="testCase_Swag.Testcase_SL">
        <test-method is-config="true" signature="browserlaunch()[pri:0, instance:testCase_Swag.Testcase_SL@5ffead27]" started-at="2024-09-05T10:56:09 IST" name="browserlaunch" finished-at="2024-09-05T10:56:27 IST" duration-ms="17335" status="PASS">
          <reporter-output>
          </reporter-output>
        </test-method> <!-- browserlaunch -->
        <test-method signature="swaglab()[pri:0, instance:testCase_Swag.Testcase_SL@5ffead27]" started-at="2024-09-05T10:56:27 IST" name="swaglab" finished-at="2024-09-05T10:56:45 IST" duration-ms="18347" status="PASS">
          <reporter-output>
          </reporter-output>
        </test-method> <!-- swaglab -->
      </class> <!-- testCase_Swag.Testcase_SL -->
    </test> <!-- Default test -->
  </suite> <!-- Default suite -->
</testng-results>
